2020-04-07 10:05:39,993 [Worker-3: Loading available Gradle versions] INFO  o.e.b.c.i.u.g.PublishedGradleVersions - Gradle version information cache is up-to-date. Trying to read.
2020-04-07 10:08:10,598 [Worker-9: Building workspace] INFO  o.e.m.c.i.l.LifecycleMappingFactory - Using org.eclipse.m2e.jdt.JarLifecycleMapping lifecycle mapping for MavenProject: org.springframework.samples:ch01:0.0.1-SNAPSHOT @ D:\mega_IT\source\9_Spring\ch01\pom.xml.
2020-04-07 10:08:12,203 [Worker-9: Building workspace] INFO  o.e.m.c.i.embedder.EclipseLogger - Using 'UTF-8' encoding to copy filtered resources.
2020-04-07 10:08:12,208 [Worker-9: Building workspace] INFO  o.e.m.c.i.embedder.EclipseLogger - Copying 1 resource
2020-04-07 10:08:12,219 [Worker-9: Building workspace] INFO  o.e.m.c.i.embedder.EclipseLogger - Using 'UTF-8' encoding to copy filtered resources.
2020-04-07 10:08:12,220 [Worker-9: Building workspace] INFO  o.e.m.c.i.embedder.EclipseLogger - skip non existing resourceDirectory D:\mega_IT\source\9_Spring\ch01\src\test\resources
2020-04-07 10:08:13,533 [Worker-14: Updating Maven Dependencies] INFO  o.e.m.c.i.l.LifecycleMappingFactory - Using org.eclipse.m2e.jdt.JarLifecycleMapping lifecycle mapping for MavenProject: org.springframework.samples:ch01:0.0.1-SNAPSHOT @ D:\mega_IT\source\9_Spring\ch01\pom.xml.
2020-04-07 10:08:14,571 [Worker-3: Building workspace] INFO  o.e.m.c.i.embedder.EclipseLogger - Using 'UTF-8' encoding to copy filtered resources.
2020-04-07 10:08:14,574 [Worker-3: Building workspace] INFO  o.e.m.c.i.embedder.EclipseLogger - Copying 1 resource
2020-04-07 10:08:14,581 [Worker-3: Building workspace] INFO  o.e.m.c.i.embedder.EclipseLogger - Using 'UTF-8' encoding to copy filtered resources.
2020-04-07 10:08:14,581 [Worker-3: Building workspace] INFO  o.e.m.c.i.embedder.EclipseLogger - skip non existing resourceDirectory D:\mega_IT\source\9_Spring\ch01\src\test\resources
2020-04-07 10:10:40,990 [Worker-15: Building workspace] INFO  o.e.m.c.i.l.LifecycleMappingFactory - Using org.eclipse.m2e.jdt.JarLifecycleMapping lifecycle mapping for MavenProject: org.springframework.samples:ch02_di:0.0.1-SNAPSHOT @ D:\mega_IT\source\9_Spring\ch02_di\pom.xml.
2020-04-07 10:10:41,445 [Worker-15: Building workspace] INFO  o.e.m.c.i.embedder.EclipseLogger - Using 'UTF-8' encoding to copy filtered resources.
2020-04-07 10:10:41,445 [Worker-15: Building workspace] INFO  o.e.m.c.i.embedder.EclipseLogger - Copying 2 resources
2020-04-07 10:10:41,458 [Worker-15: Building workspace] INFO  o.e.m.c.i.embedder.EclipseLogger - Using 'UTF-8' encoding to copy filtered resources.
2020-04-07 10:10:41,458 [Worker-15: Building workspace] INFO  o.e.m.c.i.embedder.EclipseLogger - skip non existing resourceDirectory D:\mega_IT\source\9_Spring\ch02_di\src\test\resources
2020-04-07 10:10:43,704 [Worker-1: Building workspace] INFO  o.e.m.c.i.l.LifecycleMappingFactory - Using org.eclipse.m2e.jdt.JarLifecycleMapping lifecycle mapping for MavenProject: org.springframework.samples:ch05_lifecycle:0.0.1-SNAPSHOT @ D:\mega_IT\source\9_Spring\ch05_lifecycle\pom.xml.
2020-04-07 10:10:43,937 [Worker-1: Building workspace] INFO  o.e.m.c.i.embedder.EclipseLogger - Using 'UTF-8' encoding to copy filtered resources.
2020-04-07 10:10:43,937 [Worker-1: Building workspace] INFO  o.e.m.c.i.embedder.EclipseLogger - Copying 1 resource
2020-04-07 10:10:43,941 [Worker-1: Building workspace] INFO  o.e.m.c.i.embedder.EclipseLogger - Using 'UTF-8' encoding to copy filtered resources.
2020-04-07 10:10:43,941 [Worker-1: Building workspace] INFO  o.e.m.c.i.embedder.EclipseLogger - skip non existing resourceDirectory D:\mega_IT\source\9_Spring\ch05_lifecycle\src\test\resources
2020-04-07 10:10:44,354 [Worker-1: Building workspace] INFO  o.e.m.c.i.l.LifecycleMappingFactory - Using org.eclipse.m2e.jdt.JarLifecycleMapping lifecycle mapping for MavenProject: org.springframework.samples:ch03_di_constructor:0.0.1-SNAPSHOT @ D:\mega_IT\source\9_Spring\ch03_di_constructor\pom.xml.
2020-04-07 10:10:44,602 [Worker-1: Building workspace] INFO  o.e.m.c.i.embedder.EclipseLogger - Using 'UTF-8' encoding to copy filtered resources.
2020-04-07 10:10:44,602 [Worker-1: Building workspace] INFO  o.e.m.c.i.embedder.EclipseLogger - Copying 2 resources
2020-04-07 10:10:44,606 [Worker-1: Building workspace] INFO  o.e.m.c.i.embedder.EclipseLogger - Using 'UTF-8' encoding to copy filtered resources.
2020-04-07 10:10:44,606 [Worker-1: Building workspace] INFO  o.e.m.c.i.embedder.EclipseLogger - skip non existing resourceDirectory D:\mega_IT\source\9_Spring\ch03_di_constructor\src\test\resources
2020-04-07 10:10:45,284 [Worker-7: Building workspace] INFO  o.e.m.c.i.l.LifecycleMappingFactory - Using org.eclipse.m2e.jdt.JarLifecycleMapping lifecycle mapping for MavenProject: org.springframework.samples:ch06_externalfile:0.0.1-SNAPSHOT @ D:\mega_IT\source\9_Spring\ch06_externalfile\pom.xml.
2020-04-07 10:10:45,528 [Worker-7: Building workspace] INFO  o.e.m.c.i.embedder.EclipseLogger - Using 'UTF-8' encoding to copy filtered resources.
2020-04-07 10:10:45,529 [Worker-7: Building workspace] INFO  o.e.m.c.i.embedder.EclipseLogger - Copying 6 resources
2020-04-07 10:10:45,539 [Worker-7: Building workspace] INFO  o.e.m.c.i.embedder.EclipseLogger - Using 'UTF-8' encoding to copy filtered resources.
2020-04-07 10:10:45,539 [Worker-7: Building workspace] INFO  o.e.m.c.i.embedder.EclipseLogger - skip non existing resourceDirectory D:\mega_IT\source\9_Spring\ch06_externalfile\src\test\resources
2020-04-07 10:10:46,354 [Worker-14: Building workspace] INFO  o.e.m.c.i.l.LifecycleMappingFactory - Using org.eclipse.m2e.jdt.JarLifecycleMapping lifecycle mapping for MavenProject: org.springframework.samples:ch04_configMethod4:0.0.1-SNAPSHOT @ D:\mega_IT\source\9_Spring\ch04_configMethod4\pom.xml.
2020-04-07 10:10:46,534 [Worker-14: Building workspace] INFO  o.e.m.c.i.embedder.EclipseLogger - Using 'UTF-8' encoding to copy filtered resources.
2020-04-07 10:10:46,535 [Worker-14: Building workspace] INFO  o.e.m.c.i.embedder.EclipseLogger - Copying 5 resources
2020-04-07 10:10:46,544 [Worker-14: Building workspace] INFO  o.e.m.c.i.embedder.EclipseLogger - Using 'UTF-8' encoding to copy filtered resources.
2020-04-07 10:10:46,544 [Worker-14: Building workspace] INFO  o.e.m.c.i.embedder.EclipseLogger - skip non existing resourceDirectory D:\mega_IT\source\9_Spring\ch04_configMethod4\src\test\resources
2020-04-07 10:10:46,878 [Worker-4: Building workspace] INFO  o.e.m.c.i.l.LifecycleMappingFactory - Using org.maven.ide.eclipse.wtp.WarLifecycleMapping lifecycle mapping for MavenProject: com.tj:ch08:1.0.0-BUILD-SNAPSHOT @ D:\mega_IT\source\9_Spring\ch08_mvc\pom.xml.
2020-04-07 10:10:47,529 [Worker-4: Building workspace] WARN  o.e.m.c.i.embedder.EclipseLogger - Using platform encoding (MS949 actually) to copy filtered resources, i.e. build is platform dependent!
2020-04-07 10:10:47,530 [Worker-4: Building workspace] INFO  o.e.m.c.i.embedder.EclipseLogger - Copying 1 resource
2020-04-07 10:10:47,534 [Worker-4: Building workspace] WARN  o.e.m.c.i.embedder.EclipseLogger - Using platform encoding (MS949 actually) to copy filtered resources, i.e. build is platform dependent!
2020-04-07 10:10:47,535 [Worker-4: Building workspace] INFO  o.e.m.c.i.embedder.EclipseLogger - Copying 1 resource
2020-04-07 10:10:47,801 [Worker-14: Building workspace] INFO  o.e.m.c.i.embedder.EclipseLogger - Using 'UTF-8' encoding to copy filtered resources.
2020-04-07 10:10:47,801 [Worker-14: Building workspace] INFO  o.e.m.c.i.embedder.EclipseLogger - Copying 1 resource
2020-04-07 10:10:47,804 [Worker-14: Building workspace] INFO  o.e.m.c.i.embedder.EclipseLogger - Using 'UTF-8' encoding to copy filtered resources.
2020-04-07 10:10:47,805 [Worker-14: Building workspace] INFO  o.e.m.c.i.embedder.EclipseLogger - skip non existing resourceDirectory D:\mega_IT\source\9_Spring\ch05_lifecycle\src\test\resources
2020-04-07 10:10:48,030 [Worker-1: Building workspace] INFO  o.e.m.c.i.embedder.EclipseLogger - Using 'UTF-8' encoding to copy filtered resources.
2020-04-07 10:10:48,030 [Worker-1: Building workspace] INFO  o.e.m.c.i.embedder.EclipseLogger - Copying 2 resources
2020-04-07 10:10:48,099 [Worker-1: Building workspace] INFO  o.e.m.c.i.embedder.EclipseLogger - Using 'UTF-8' encoding to copy filtered resources.
2020-04-07 10:10:48,099 [Worker-1: Building workspace] INFO  o.e.m.c.i.embedder.EclipseLogger - skip non existing resourceDirectory D:\mega_IT\source\9_Spring\ch02_di\src\test\resources
2020-04-07 10:10:48,589 [Worker-1: Building workspace] INFO  o.e.m.c.i.embedder.EclipseLogger - Using 'UTF-8' encoding to copy filtered resources.
2020-04-07 10:10:48,589 [Worker-1: Building workspace] INFO  o.e.m.c.i.embedder.EclipseLogger - Copying 2 resources
2020-04-07 10:10:48,594 [Worker-1: Building workspace] INFO  o.e.m.c.i.embedder.EclipseLogger - Using 'UTF-8' encoding to copy filtered resources.
2020-04-07 10:10:48,594 [Worker-1: Building workspace] INFO  o.e.m.c.i.embedder.EclipseLogger - skip non existing resourceDirectory D:\mega_IT\source\9_Spring\ch03_di_constructor\src\test\resources
2020-04-07 10:10:48,731 [Worker-19: Building workspace] WARN  o.e.m.c.i.embedder.EclipseLogger - Using platform encoding (MS949 actually) to copy filtered resources, i.e. build is platform dependent!
2020-04-07 10:10:48,732 [Worker-19: Building workspace] INFO  o.e.m.c.i.embedder.EclipseLogger - Copying 1 resource
2020-04-07 10:10:48,736 [Worker-19: Building workspace] WARN  o.e.m.c.i.embedder.EclipseLogger - Using platform encoding (MS949 actually) to copy filtered resources, i.e. build is platform dependent!
2020-04-07 10:10:48,737 [Worker-19: Building workspace] INFO  o.e.m.c.i.embedder.EclipseLogger - Copying 1 resource
2020-04-07 10:10:49,161 [Worker-18: Building workspace] INFO  o.e.m.c.i.embedder.EclipseLogger - Using 'UTF-8' encoding to copy filtered resources.
2020-04-07 10:10:49,162 [Worker-18: Building workspace] INFO  o.e.m.c.i.embedder.EclipseLogger - Copying 5 resources
2020-04-07 10:10:49,175 [Worker-18: Building workspace] INFO  o.e.m.c.i.embedder.EclipseLogger - Using 'UTF-8' encoding to copy filtered resources.
2020-04-07 10:10:49,175 [Worker-18: Building workspace] INFO  o.e.m.c.i.embedder.EclipseLogger - skip non existing resourceDirectory D:\mega_IT\source\9_Spring\ch04_configMethod4\src\test\resources
2020-04-07 10:10:49,335 [Worker-6: Building workspace] INFO  o.e.m.c.i.embedder.EclipseLogger - Using 'UTF-8' encoding to copy filtered resources.
2020-04-07 10:10:49,335 [Worker-6: Building workspace] INFO  o.e.m.c.i.embedder.EclipseLogger - Copying 1 resource
2020-04-07 10:10:49,338 [Worker-6: Building workspace] INFO  o.e.m.c.i.embedder.EclipseLogger - Using 'UTF-8' encoding to copy filtered resources.
2020-04-07 10:10:49,338 [Worker-6: Building workspace] INFO  o.e.m.c.i.embedder.EclipseLogger - skip non existing resourceDirectory D:\mega_IT\source\9_Spring\ch05_lifecycle\src\test\resources
2020-04-07 10:10:49,854 [Worker-14: Building workspace] INFO  o.e.m.c.i.l.LifecycleMappingFactory - Using org.eclipse.m2e.jdt.JarLifecycleMapping lifecycle mapping for MavenProject: org.springframework.samples:ch07_aop:0.0.1-SNAPSHOT @ D:\mega_IT\source\9_Spring\ch07_aop\pom.xml.
2020-04-07 10:10:50,282 [Worker-14: Building workspace] INFO  o.e.m.c.i.embedder.EclipseLogger - Using 'UTF-8' encoding to copy filtered resources.
2020-04-07 10:10:50,282 [Worker-14: Building workspace] INFO  o.e.m.c.i.embedder.EclipseLogger - Copying 2 resources
2020-04-07 10:10:50,286 [Worker-14: Building workspace] INFO  o.e.m.c.i.embedder.EclipseLogger - Using 'UTF-8' encoding to copy filtered resources.
2020-04-07 10:10:50,286 [Worker-14: Building workspace] INFO  o.e.m.c.i.embedder.EclipseLogger - skip non existing resourceDirectory D:\mega_IT\source\9_Spring\ch07_aop\src\test\resources
2020-04-07 10:10:50,502 [Worker-15: Building workspace] INFO  o.e.m.c.i.embedder.EclipseLogger - Using 'UTF-8' encoding to copy filtered resources.
2020-04-07 10:10:50,503 [Worker-15: Building workspace] INFO  o.e.m.c.i.embedder.EclipseLogger - Copying 2 resources
2020-04-07 10:10:50,509 [Worker-15: Building workspace] INFO  o.e.m.c.i.embedder.EclipseLogger - Using 'UTF-8' encoding to copy filtered resources.
2020-04-07 10:10:50,509 [Worker-15: Building workspace] INFO  o.e.m.c.i.embedder.EclipseLogger - skip non existing resourceDirectory D:\mega_IT\source\9_Spring\ch02_di\src\test\resources
2020-04-07 10:10:50,619 [Worker-18: Building workspace] INFO  o.e.m.c.i.embedder.EclipseLogger - Using 'UTF-8' encoding to copy filtered resources.
2020-04-07 10:10:50,620 [Worker-18: Building workspace] INFO  o.e.m.c.i.embedder.EclipseLogger - Copying 2 resources
2020-04-07 10:10:50,623 [Worker-18: Building workspace] INFO  o.e.m.c.i.embedder.EclipseLogger - Using 'UTF-8' encoding to copy filtered resources.
2020-04-07 10:10:50,623 [Worker-18: Building workspace] INFO  o.e.m.c.i.embedder.EclipseLogger - skip non existing resourceDirectory D:\mega_IT\source\9_Spring\ch02_di\src\test\resources
2020-04-07 10:10:50,790 [Worker-14: Building workspace] INFO  o.e.m.c.i.embedder.EclipseLogger - Using 'UTF-8' encoding to copy filtered resources.
2020-04-07 10:10:50,791 [Worker-14: Building workspace] INFO  o.e.m.c.i.embedder.EclipseLogger - Copying 2 resources
2020-04-07 10:10:50,798 [Worker-14: Building workspace] INFO  o.e.m.c.i.embedder.EclipseLogger - Using 'UTF-8' encoding to copy filtered resources.
2020-04-07 10:10:50,798 [Worker-14: Building workspace] INFO  o.e.m.c.i.embedder.EclipseLogger - skip non existing resourceDirectory D:\mega_IT\source\9_Spring\ch03_di_constructor\src\test\resources
2020-04-07 10:10:51,237 [Worker-4: Building workspace] INFO  o.e.m.c.i.embedder.EclipseLogger - Using 'UTF-8' encoding to copy filtered resources.
2020-04-07 10:10:51,237 [Worker-4: Building workspace] INFO  o.e.m.c.i.embedder.EclipseLogger - Copying 2 resources
2020-04-07 10:10:51,242 [Worker-4: Building workspace] INFO  o.e.m.c.i.embedder.EclipseLogger - Using 'UTF-8' encoding to copy filtered resources.
2020-04-07 10:10:51,242 [Worker-4: Building workspace] INFO  o.e.m.c.i.embedder.EclipseLogger - skip non existing resourceDirectory D:\mega_IT\source\9_Spring\ch07_aop\src\test\resources
2020-04-07 10:10:51,543 [Worker-19: Building workspace] INFO  o.e.m.c.i.embedder.EclipseLogger - Using 'UTF-8' encoding to copy filtered resources.
2020-04-07 10:10:51,543 [Worker-19: Building workspace] INFO  o.e.m.c.i.embedder.EclipseLogger - Copying 6 resources
2020-04-07 10:10:51,552 [Worker-19: Building workspace] INFO  o.e.m.c.i.embedder.EclipseLogger - Using 'UTF-8' encoding to copy filtered resources.
2020-04-07 10:10:51,553 [Worker-19: Building workspace] INFO  o.e.m.c.i.embedder.EclipseLogger - skip non existing resourceDirectory D:\mega_IT\source\9_Spring\ch06_externalfile\src\test\resources
2020-04-07 10:10:51,617 [Worker-6: Building workspace] WARN  o.e.m.c.i.embedder.EclipseLogger - Using platform encoding (MS949 actually) to copy filtered resources, i.e. build is platform dependent!
2020-04-07 10:10:51,618 [Worker-6: Building workspace] INFO  o.e.m.c.i.embedder.EclipseLogger - Copying 1 resource
2020-04-07 10:10:51,622 [Worker-6: Building workspace] WARN  o.e.m.c.i.embedder.EclipseLogger - Using platform encoding (MS949 actually) to copy filtered resources, i.e. build is platform dependent!
2020-04-07 10:10:51,624 [Worker-6: Building workspace] INFO  o.e.m.c.i.embedder.EclipseLogger - Copying 1 resource
2020-04-07 10:10:52,016 [Worker-12: Building workspace] INFO  o.e.m.c.i.embedder.EclipseLogger - Using 'UTF-8' encoding to copy filtered resources.
2020-04-07 10:10:52,016 [Worker-12: Building workspace] INFO  o.e.m.c.i.embedder.EclipseLogger - Copying 5 resources
2020-04-07 10:10:52,028 [Worker-12: Building workspace] INFO  o.e.m.c.i.embedder.EclipseLogger - Using 'UTF-8' encoding to copy filtered resources.
2020-04-07 10:10:52,028 [Worker-12: Building workspace] INFO  o.e.m.c.i.embedder.EclipseLogger - skip non existing resourceDirectory D:\mega_IT\source\9_Spring\ch04_configMethod4\src\test\resources
2020-04-07 10:10:52,270 [Worker-12: Building workspace] INFO  o.e.m.c.i.embedder.EclipseLogger - Using 'UTF-8' encoding to copy filtered resources.
2020-04-07 10:10:52,270 [Worker-12: Building workspace] INFO  o.e.m.c.i.embedder.EclipseLogger - Copying 2 resources
2020-04-07 10:10:52,273 [Worker-12: Building workspace] INFO  o.e.m.c.i.embedder.EclipseLogger - Using 'UTF-8' encoding to copy filtered resources.
2020-04-07 10:10:52,274 [Worker-12: Building workspace] INFO  o.e.m.c.i.embedder.EclipseLogger - skip non existing resourceDirectory D:\mega_IT\source\9_Spring\ch07_aop\src\test\resources
2020-04-07 10:10:52,471 [Worker-16: Building workspace] INFO  o.e.m.c.i.embedder.EclipseLogger - Using 'UTF-8' encoding to copy filtered resources.
2020-04-07 10:10:52,471 [Worker-16: Building workspace] INFO  o.e.m.c.i.embedder.EclipseLogger - Copying 1 resource
2020-04-07 10:10:52,477 [Worker-16: Building workspace] INFO  o.e.m.c.i.embedder.EclipseLogger - Using 'UTF-8' encoding to copy filtered resources.
2020-04-07 10:10:52,477 [Worker-16: Building workspace] INFO  o.e.m.c.i.embedder.EclipseLogger - skip non existing resourceDirectory D:\mega_IT\source\9_Spring\ch05_lifecycle\src\test\resources
2020-04-07 10:10:52,683 [Worker-12: Building workspace] INFO  o.e.m.c.i.embedder.EclipseLogger - Using 'UTF-8' encoding to copy filtered resources.
2020-04-07 10:10:52,683 [Worker-12: Building workspace] INFO  o.e.m.c.i.embedder.EclipseLogger - Copying 2 resources
2020-04-07 10:10:52,685 [Worker-12: Building workspace] INFO  o.e.m.c.i.embedder.EclipseLogger - Using 'UTF-8' encoding to copy filtered resources.
2020-04-07 10:10:52,685 [Worker-12: Building workspace] INFO  o.e.m.c.i.embedder.EclipseLogger - skip non existing resourceDirectory D:\mega_IT\source\9_Spring\ch02_di\src\test\resources
2020-04-07 10:10:52,913 [Worker-19: Building workspace] INFO  o.e.m.c.i.embedder.EclipseLogger - Using 'UTF-8' encoding to copy filtered resources.
2020-04-07 10:10:52,913 [Worker-19: Building workspace] INFO  o.e.m.c.i.embedder.EclipseLogger - Copying 2 resources
2020-04-07 10:10:52,916 [Worker-19: Building workspace] INFO  o.e.m.c.i.embedder.EclipseLogger - Using 'UTF-8' encoding to copy filtered resources.
2020-04-07 10:10:52,917 [Worker-19: Building workspace] INFO  o.e.m.c.i.embedder.EclipseLogger - skip non existing resourceDirectory D:\mega_IT\source\9_Spring\ch03_di_constructor\src\test\resources
2020-04-07 10:10:53,019 [Worker-6: Building workspace] WARN  o.e.m.c.i.embedder.EclipseLogger - Using platform encoding (MS949 actually) to copy filtered resources, i.e. build is platform dependent!
2020-04-07 10:10:53,020 [Worker-6: Building workspace] INFO  o.e.m.c.i.embedder.EclipseLogger - Copying 1 resource
2020-04-07 10:10:53,024 [Worker-6: Building workspace] WARN  o.e.m.c.i.embedder.EclipseLogger - Using platform encoding (MS949 actually) to copy filtered resources, i.e. build is platform dependent!
2020-04-07 10:10:53,024 [Worker-6: Building workspace] INFO  o.e.m.c.i.embedder.EclipseLogger - Copying 1 resource
2020-04-07 10:10:53,622 [Worker-1: Building workspace] INFO  o.e.m.c.i.embedder.EclipseLogger - Using 'UTF-8' encoding to copy filtered resources.
2020-04-07 10:10:53,622 [Worker-1: Building workspace] INFO  o.e.m.c.i.embedder.EclipseLogger - Copying 6 resources
2020-04-07 10:10:53,628 [Worker-1: Building workspace] INFO  o.e.m.c.i.embedder.EclipseLogger - Using 'UTF-8' encoding to copy filtered resources.
2020-04-07 10:10:53,628 [Worker-1: Building workspace] INFO  o.e.m.c.i.embedder.EclipseLogger - skip non existing resourceDirectory D:\mega_IT\source\9_Spring\ch06_externalfile\src\test\resources
2020-04-07 10:10:53,721 [Worker-12: Building workspace] INFO  o.e.m.c.i.embedder.EclipseLogger - Using 'UTF-8' encoding to copy filtered resources.
2020-04-07 10:10:53,721 [Worker-12: Building workspace] INFO  o.e.m.c.i.embedder.EclipseLogger - Copying 1 resource
2020-04-07 10:10:53,724 [Worker-12: Building workspace] INFO  o.e.m.c.i.embedder.EclipseLogger - Using 'UTF-8' encoding to copy filtered resources.
2020-04-07 10:10:53,724 [Worker-12: Building workspace] INFO  o.e.m.c.i.embedder.EclipseLogger - skip non existing resourceDirectory D:\mega_IT\source\9_Spring\ch05_lifecycle\src\test\resources
2020-04-07 10:10:54,010 [Worker-15: Building workspace] INFO  o.e.m.c.i.embedder.EclipseLogger - Using 'UTF-8' encoding to copy filtered resources.
2020-04-07 10:10:54,011 [Worker-15: Building workspace] INFO  o.e.m.c.i.embedder.EclipseLogger - Copying 2 resources
2020-04-07 10:10:54,016 [Worker-15: Building workspace] INFO  o.e.m.c.i.embedder.EclipseLogger - Using 'UTF-8' encoding to copy filtered resources.
2020-04-07 10:10:54,016 [Worker-15: Building workspace] INFO  o.e.m.c.i.embedder.EclipseLogger - skip non existing resourceDirectory D:\mega_IT\source\9_Spring\ch07_aop\src\test\resources
2020-04-07 10:10:54,119 [Worker-4: Building workspace] INFO  o.e.m.c.i.embedder.EclipseLogger - Using 'UTF-8' encoding to copy filtered resources.
2020-04-07 10:10:54,119 [Worker-4: Building workspace] INFO  o.e.m.c.i.embedder.EclipseLogger - Copying 1 resource
2020-04-07 10:10:54,121 [Worker-4: Building workspace] INFO  o.e.m.c.i.embedder.EclipseLogger - Using 'UTF-8' encoding to copy filtered resources.
2020-04-07 10:10:54,121 [Worker-4: Building workspace] INFO  o.e.m.c.i.embedder.EclipseLogger - skip non existing resourceDirectory D:\mega_IT\source\9_Spring\ch05_lifecycle\src\test\resources
2020-04-07 10:10:54,295 [Worker-7: Building workspace] INFO  o.e.m.c.i.embedder.EclipseLogger - Using 'UTF-8' encoding to copy filtered resources.
2020-04-07 10:10:54,296 [Worker-7: Building workspace] INFO  o.e.m.c.i.embedder.EclipseLogger - Copying 2 resources
2020-04-07 10:10:54,299 [Worker-7: Building workspace] INFO  o.e.m.c.i.embedder.EclipseLogger - Using 'UTF-8' encoding to copy filtered resources.
2020-04-07 10:10:54,299 [Worker-7: Building workspace] INFO  o.e.m.c.i.embedder.EclipseLogger - skip non existing resourceDirectory D:\mega_IT\source\9_Spring\ch02_di\src\test\resources
2020-04-07 10:10:54,426 [Worker-16: Building workspace] INFO  o.e.m.c.i.embedder.EclipseLogger - Using 'UTF-8' encoding to copy filtered resources.
2020-04-07 10:10:54,426 [Worker-16: Building workspace] INFO  o.e.m.c.i.embedder.EclipseLogger - Copying 6 resources
2020-04-07 10:10:54,431 [Worker-16: Building workspace] INFO  o.e.m.c.i.embedder.EclipseLogger - Using 'UTF-8' encoding to copy filtered resources.
2020-04-07 10:10:54,431 [Worker-16: Building workspace] INFO  o.e.m.c.i.embedder.EclipseLogger - skip non existing resourceDirectory D:\mega_IT\source\9_Spring\ch06_externalfile\src\test\resources
2020-04-07 10:10:54,615 [Worker-19: Building workspace] INFO  o.e.m.c.i.embedder.EclipseLogger - Using 'UTF-8' encoding to copy filtered resources.
2020-04-07 10:10:54,615 [Worker-19: Building workspace] INFO  o.e.m.c.i.embedder.EclipseLogger - Copying 2 resources
2020-04-07 10:10:54,619 [Worker-19: Building workspace] INFO  o.e.m.c.i.embedder.EclipseLogger - Using 'UTF-8' encoding to copy filtered resources.
2020-04-07 10:10:54,619 [Worker-19: Building workspace] INFO  o.e.m.c.i.embedder.EclipseLogger - skip non existing resourceDirectory D:\mega_IT\source\9_Spring\ch07_aop\src\test\resources
2020-04-07 10:10:54,884 [Worker-1: Building workspace] INFO  o.e.m.c.i.embedder.EclipseLogger - Using 'UTF-8' encoding to copy filtered resources.
2020-04-07 10:10:54,884 [Worker-1: Building workspace] INFO  o.e.m.c.i.embedder.EclipseLogger - Copying 5 resources
2020-04-07 10:10:54,892 [Worker-1: Building workspace] INFO  o.e.m.c.i.embedder.EclipseLogger - Using 'UTF-8' encoding to copy filtered resources.
2020-04-07 10:10:54,892 [Worker-1: Building workspace] INFO  o.e.m.c.i.embedder.EclipseLogger - skip non existing resourceDirectory D:\mega_IT\source\9_Spring\ch04_configMethod4\src\test\resources
2020-04-07 10:10:55,076 [Worker-16: Building workspace] INFO  o.e.m.c.i.embedder.EclipseLogger - Using 'UTF-8' encoding to copy filtered resources.
2020-04-07 10:10:55,077 [Worker-16: Building workspace] INFO  o.e.m.c.i.embedder.EclipseLogger - Copying 2 resources
2020-04-07 10:10:55,080 [Worker-16: Building workspace] INFO  o.e.m.c.i.embedder.EclipseLogger - Using 'UTF-8' encoding to copy filtered resources.
2020-04-07 10:10:55,081 [Worker-16: Building workspace] INFO  o.e.m.c.i.embedder.EclipseLogger - skip non existing resourceDirectory D:\mega_IT\source\9_Spring\ch03_di_constructor\src\test\resources
2020-04-07 10:10:55,213 [Worker-18: Building workspace] INFO  o.e.m.c.i.embedder.EclipseLogger - Using 'UTF-8' encoding to copy filtered resources.
2020-04-07 10:10:55,214 [Worker-18: Building workspace] INFO  o.e.m.c.i.embedder.EclipseLogger - Copying 1 resource
2020-04-07 10:10:55,216 [Worker-18: Building workspace] INFO  o.e.m.c.i.embedder.EclipseLogger - Using 'UTF-8' encoding to copy filtered resources.
2020-04-07 10:10:55,216 [Worker-18: Building workspace] INFO  o.e.m.c.i.embedder.EclipseLogger - skip non existing resourceDirectory D:\mega_IT\source\9_Spring\ch05_lifecycle\src\test\resources
2020-04-07 10:10:55,322 [Worker-8: Building workspace] WARN  o.e.m.c.i.embedder.EclipseLogger - Using platform encoding (MS949 actually) to copy filtered resources, i.e. build is platform dependent!
2020-04-07 10:10:55,323 [Worker-8: Building workspace] INFO  o.e.m.c.i.embedder.EclipseLogger - Copying 1 resource
2020-04-07 10:10:55,325 [Worker-8: Building workspace] WARN  o.e.m.c.i.embedder.EclipseLogger - Using platform encoding (MS949 actually) to copy filtered resources, i.e. build is platform dependent!
2020-04-07 10:10:55,325 [Worker-8: Building workspace] INFO  o.e.m.c.i.embedder.EclipseLogger - Copying 1 resource
2020-04-07 10:10:55,742 [Worker-1: Building workspace] INFO  o.e.m.c.i.embedder.EclipseLogger - Using 'UTF-8' encoding to copy filtered resources.
2020-04-07 10:10:55,742 [Worker-1: Building workspace] INFO  o.e.m.c.i.embedder.EclipseLogger - Copying 2 resources
2020-04-07 10:10:55,745 [Worker-1: Building workspace] INFO  o.e.m.c.i.embedder.EclipseLogger - Using 'UTF-8' encoding to copy filtered resources.
2020-04-07 10:10:55,745 [Worker-1: Building workspace] INFO  o.e.m.c.i.embedder.EclipseLogger - skip non existing resourceDirectory D:\mega_IT\source\9_Spring\ch02_di\src\test\resources
2020-04-07 10:10:55,927 [Worker-12: Building workspace] INFO  o.e.m.c.i.embedder.EclipseLogger - Using 'UTF-8' encoding to copy filtered resources.
2020-04-07 10:10:55,928 [Worker-12: Building workspace] INFO  o.e.m.c.i.embedder.EclipseLogger - Copying 6 resources
2020-04-07 10:10:55,932 [Worker-12: Building workspace] INFO  o.e.m.c.i.embedder.EclipseLogger - Using 'UTF-8' encoding to copy filtered resources.
2020-04-07 10:10:55,932 [Worker-12: Building workspace] INFO  o.e.m.c.i.embedder.EclipseLogger - skip non existing resourceDirectory D:\mega_IT\source\9_Spring\ch06_externalfile\src\test\resources
2020-04-07 10:10:56,036 [Worker-1: Building workspace] INFO  o.e.m.c.i.embedder.EclipseLogger - Using 'UTF-8' encoding to copy filtered resources.
2020-04-07 10:10:56,037 [Worker-1: Building workspace] INFO  o.e.m.c.i.embedder.EclipseLogger - Copying 2 resources
2020-04-07 10:10:56,041 [Worker-1: Building workspace] INFO  o.e.m.c.i.embedder.EclipseLogger - Using 'UTF-8' encoding to copy filtered resources.
2020-04-07 10:10:56,041 [Worker-1: Building workspace] INFO  o.e.m.c.i.embedder.EclipseLogger - skip non existing resourceDirectory D:\mega_IT\source\9_Spring\ch03_di_constructor\src\test\resources
2020-04-07 10:10:56,125 [Worker-6: Building workspace] INFO  o.e.m.c.i.embedder.EclipseLogger - Using 'UTF-8' encoding to copy filtered resources.
2020-04-07 10:10:56,125 [Worker-6: Building workspace] INFO  o.e.m.c.i.embedder.EclipseLogger - Copying 1 resource
2020-04-07 10:10:56,127 [Worker-6: Building workspace] INFO  o.e.m.c.i.embedder.EclipseLogger - Using 'UTF-8' encoding to copy filtered resources.
2020-04-07 10:10:56,127 [Worker-6: Building workspace] INFO  o.e.m.c.i.embedder.EclipseLogger - skip non existing resourceDirectory D:\mega_IT\source\9_Spring\ch05_lifecycle\src\test\resources
2020-04-07 10:10:56,334 [Worker-19: Building workspace] INFO  o.e.m.c.i.embedder.EclipseLogger - Using 'UTF-8' encoding to copy filtered resources.
2020-04-07 10:10:56,334 [Worker-19: Building workspace] INFO  o.e.m.c.i.embedder.EclipseLogger - Copying 5 resources
2020-04-07 10:10:56,341 [Worker-19: Building workspace] INFO  o.e.m.c.i.embedder.EclipseLogger - Using 'UTF-8' encoding to copy filtered resources.
2020-04-07 10:10:56,342 [Worker-19: Building workspace] INFO  o.e.m.c.i.embedder.EclipseLogger - skip non existing resourceDirectory D:\mega_IT\source\9_Spring\ch04_configMethod4\src\test\resources
2020-04-07 10:10:56,483 [Worker-4: Building workspace] INFO  o.e.m.c.i.embedder.EclipseLogger - Using 'UTF-8' encoding to copy filtered resources.
2020-04-07 10:10:56,483 [Worker-4: Building workspace] INFO  o.e.m.c.i.embedder.EclipseLogger - Copying 6 resources
2020-04-07 10:10:56,491 [Worker-4: Building workspace] INFO  o.e.m.c.i.embedder.EclipseLogger - Using 'UTF-8' encoding to copy filtered resources.
2020-04-07 10:10:56,491 [Worker-4: Building workspace] INFO  o.e.m.c.i.embedder.EclipseLogger - skip non existing resourceDirectory D:\mega_IT\source\9_Spring\ch06_externalfile\src\test\resources
2020-04-07 10:10:56,585 [Worker-18: Building workspace] WARN  o.e.m.c.i.embedder.EclipseLogger - Using platform encoding (MS949 actually) to copy filtered resources, i.e. build is platform dependent!
2020-04-07 10:10:56,586 [Worker-18: Building workspace] INFO  o.e.m.c.i.embedder.EclipseLogger - Copying 1 resource
2020-04-07 10:10:56,588 [Worker-18: Building workspace] WARN  o.e.m.c.i.embedder.EclipseLogger - Using platform encoding (MS949 actually) to copy filtered resources, i.e. build is platform dependent!
2020-04-07 10:10:56,588 [Worker-18: Building workspace] INFO  o.e.m.c.i.embedder.EclipseLogger - Copying 1 resource
2020-04-07 10:10:57,056 [Worker-6: Building workspace] INFO  o.e.m.c.i.embedder.EclipseLogger - Using 'UTF-8' encoding to copy filtered resources.
2020-04-07 10:10:57,057 [Worker-6: Building workspace] INFO  o.e.m.c.i.embedder.EclipseLogger - Copying 2 resources
2020-04-07 10:10:57,061 [Worker-6: Building workspace] INFO  o.e.m.c.i.embedder.EclipseLogger - Using 'UTF-8' encoding to copy filtered resources.
2020-04-07 10:10:57,061 [Worker-6: Building workspace] INFO  o.e.m.c.i.embedder.EclipseLogger - skip non existing resourceDirectory D:\mega_IT\source\9_Spring\ch07_aop\src\test\resources
2020-04-07 10:10:57,218 [Worker-16: Building workspace] INFO  o.e.m.c.i.embedder.EclipseLogger - Using 'UTF-8' encoding to copy filtered resources.
2020-04-07 10:10:57,218 [Worker-16: Building workspace] INFO  o.e.m.c.i.embedder.EclipseLogger - Copying 2 resources
2020-04-07 10:10:57,221 [Worker-16: Building workspace] INFO  o.e.m.c.i.embedder.EclipseLogger - Using 'UTF-8' encoding to copy filtered resources.
2020-04-07 10:10:57,221 [Worker-16: Building workspace] INFO  o.e.m.c.i.embedder.EclipseLogger - skip non existing resourceDirectory D:\mega_IT\source\9_Spring\ch02_di\src\test\resources
2020-04-07 10:10:57,338 [Worker-15: Building workspace] INFO  o.e.m.c.i.embedder.EclipseLogger - Using 'UTF-8' encoding to copy filtered resources.
2020-04-07 10:10:57,338 [Worker-15: Building workspace] INFO  o.e.m.c.i.embedder.EclipseLogger - Copying 6 resources
2020-04-07 10:10:57,343 [Worker-15: Building workspace] INFO  o.e.m.c.i.embedder.EclipseLogger - Using 'UTF-8' encoding to copy filtered resources.
2020-04-07 10:10:57,343 [Worker-15: Building workspace] INFO  o.e.m.c.i.embedder.EclipseLogger - skip non existing resourceDirectory D:\mega_IT\source\9_Spring\ch06_externalfile\src\test\resources
2020-04-07 10:10:57,491 [Worker-12: Building workspace] INFO  o.e.m.c.i.embedder.EclipseLogger - Using 'UTF-8' encoding to copy filtered resources.
2020-04-07 10:10:57,492 [Worker-12: Building workspace] INFO  o.e.m.c.i.embedder.EclipseLogger - Copying 2 resources
2020-04-07 10:10:57,494 [Worker-12: Building workspace] INFO  o.e.m.c.i.embedder.EclipseLogger - Using 'UTF-8' encoding to copy filtered resources.
2020-04-07 10:10:57,495 [Worker-12: Building workspace] INFO  o.e.m.c.i.embedder.EclipseLogger - skip non existing resourceDirectory D:\mega_IT\source\9_Spring\ch03_di_constructor\src\test\resources
2020-04-07 10:10:57,766 [Worker-6: Building workspace] INFO  o.e.m.c.i.embedder.EclipseLogger - Using 'UTF-8' encoding to copy filtered resources.
2020-04-07 10:10:57,766 [Worker-6: Building workspace] INFO  o.e.m.c.i.embedder.EclipseLogger - Copying 5 resources
2020-04-07 10:10:57,772 [Worker-6: Building workspace] INFO  o.e.m.c.i.embedder.EclipseLogger - Using 'UTF-8' encoding to copy filtered resources.
2020-04-07 10:10:57,772 [Worker-6: Building workspace] INFO  o.e.m.c.i.embedder.EclipseLogger - skip non existing resourceDirectory D:\mega_IT\source\9_Spring\ch04_configMethod4\src\test\resources
2020-04-07 10:10:57,936 [Worker-16: Building workspace] INFO  o.e.m.c.i.embedder.EclipseLogger - Using 'UTF-8' encoding to copy filtered resources.
2020-04-07 10:10:57,937 [Worker-16: Building workspace] INFO  o.e.m.c.i.embedder.EclipseLogger - Copying 2 resources
2020-04-07 10:10:57,940 [Worker-16: Building workspace] INFO  o.e.m.c.i.embedder.EclipseLogger - Using 'UTF-8' encoding to copy filtered resources.
2020-04-07 10:10:57,940 [Worker-16: Building workspace] INFO  o.e.m.c.i.embedder.EclipseLogger - skip non existing resourceDirectory D:\mega_IT\source\9_Spring\ch07_aop\src\test\resources
2020-04-07 10:10:58,051 [Worker-19: Building workspace] WARN  o.e.m.c.i.embedder.EclipseLogger - Using platform encoding (MS949 actually) to copy filtered resources, i.e. build is platform dependent!
2020-04-07 10:10:58,052 [Worker-19: Building workspace] INFO  o.e.m.c.i.embedder.EclipseLogger - Copying 1 resource
2020-04-07 10:10:58,053 [Worker-19: Building workspace] WARN  o.e.m.c.i.embedder.EclipseLogger - Using platform encoding (MS949 actually) to copy filtered resources, i.e. build is platform dependent!
2020-04-07 10:10:58,054 [Worker-19: Building workspace] INFO  o.e.m.c.i.embedder.EclipseLogger - Copying 1 resource
2020-04-07 10:10:58,324 [Worker-19: Building workspace] INFO  o.e.m.c.i.embedder.EclipseLogger - Using 'UTF-8' encoding to copy filtered resources.
2020-04-07 10:10:58,325 [Worker-19: Building workspace] INFO  o.e.m.c.i.embedder.EclipseLogger - Copying 2 resources
2020-04-07 10:10:58,327 [Worker-19: Building workspace] INFO  o.e.m.c.i.embedder.EclipseLogger - Using 'UTF-8' encoding to copy filtered resources.
2020-04-07 10:10:58,327 [Worker-19: Building workspace] INFO  o.e.m.c.i.embedder.EclipseLogger - skip non existing resourceDirectory D:\mega_IT\source\9_Spring\ch03_di_constructor\src\test\resources
2020-04-07 10:10:58,476 [Worker-1: Building workspace] INFO  o.e.m.c.i.embedder.EclipseLogger - Using 'UTF-8' encoding to copy filtered resources.
2020-04-07 10:10:58,477 [Worker-1: Building workspace] INFO  o.e.m.c.i.embedder.EclipseLogger - Copying 2 resources
2020-04-07 10:10:58,480 [Worker-1: Building workspace] INFO  o.e.m.c.i.embedder.EclipseLogger - Using 'UTF-8' encoding to copy filtered resources.
2020-04-07 10:10:58,480 [Worker-1: Building workspace] INFO  o.e.m.c.i.embedder.EclipseLogger - skip non existing resourceDirectory D:\mega_IT\source\9_Spring\ch07_aop\src\test\resources
2020-04-07 10:10:58,603 [Worker-12: Building workspace] INFO  o.e.m.c.i.embedder.EclipseLogger - Using 'UTF-8' encoding to copy filtered resources.
2020-04-07 10:10:58,603 [Worker-12: Building workspace] INFO  o.e.m.c.i.embedder.EclipseLogger - Copying 6 resources
2020-04-07 10:10:58,614 [Worker-12: Building workspace] INFO  o.e.m.c.i.embedder.EclipseLogger - Using 'UTF-8' encoding to copy filtered resources.
2020-04-07 10:10:58,614 [Worker-12: Building workspace] INFO  o.e.m.c.i.embedder.EclipseLogger - skip non existing resourceDirectory D:\mega_IT\source\9_Spring\ch06_externalfile\src\test\resources
2020-04-07 10:10:58,834 [Worker-4: Building workspace] INFO  o.e.m.c.i.embedder.EclipseLogger - Using 'UTF-8' encoding to copy filtered resources.
2020-04-07 10:10:58,834 [Worker-4: Building workspace] INFO  o.e.m.c.i.embedder.EclipseLogger - Copying 5 resources
2020-04-07 10:10:58,842 [Worker-4: Building workspace] INFO  o.e.m.c.i.embedder.EclipseLogger - Using 'UTF-8' encoding to copy filtered resources.
2020-04-07 10:10:58,843 [Worker-4: Building workspace] INFO  o.e.m.c.i.embedder.EclipseLogger - skip non existing resourceDirectory D:\mega_IT\source\9_Spring\ch04_configMethod4\src\test\resources
2020-04-07 10:10:58,912 [Worker-1: Building workspace] WARN  o.e.m.c.i.embedder.EclipseLogger - Using platform encoding (MS949 actually) to copy filtered resources, i.e. build is platform dependent!
2020-04-07 10:10:58,913 [Worker-1: Building workspace] INFO  o.e.m.c.i.embedder.EclipseLogger - Copying 1 resource
2020-04-07 10:10:58,914 [Worker-1: Building workspace] WARN  o.e.m.c.i.embedder.EclipseLogger - Using platform encoding (MS949 actually) to copy filtered resources, i.e. build is platform dependent!
2020-04-07 10:10:58,915 [Worker-1: Building workspace] INFO  o.e.m.c.i.embedder.EclipseLogger - Copying 1 resource
2020-04-07 10:10:59,079 [Worker-12: Building workspace] INFO  o.e.m.c.i.embedder.EclipseLogger - Using 'UTF-8' encoding to copy filtered resources.
2020-04-07 10:10:59,080 [Worker-12: Building workspace] INFO  o.e.m.c.i.embedder.EclipseLogger - Copying 5 resources
2020-04-07 10:10:59,086 [Worker-12: Building workspace] INFO  o.e.m.c.i.embedder.EclipseLogger - Using 'UTF-8' encoding to copy filtered resources.
2020-04-07 10:10:59,087 [Worker-12: Building workspace] INFO  o.e.m.c.i.embedder.EclipseLogger - skip non existing resourceDirectory D:\mega_IT\source\9_Spring\ch04_configMethod4\src\test\resources
2020-04-07 10:11:25,417 [Worker-17: Building workspace] WARN  o.e.m.c.i.embedder.EclipseLogger - Using platform encoding (MS949 actually) to copy filtered resources, i.e. build is platform dependent!
2020-04-07 10:11:25,418 [Worker-17: Building workspace] INFO  o.e.m.c.i.embedder.EclipseLogger - Copying 0 resource
2020-04-07 10:11:25,419 [Worker-17: Building workspace] WARN  o.e.m.c.i.embedder.EclipseLogger - Using platform encoding (MS949 actually) to copy filtered resources, i.e. build is platform dependent!
2020-04-07 10:11:25,420 [Worker-17: Building workspace] INFO  o.e.m.c.i.embedder.EclipseLogger - Copying 0 resource
2020-04-07 10:17:16,474 [Worker-20: Building workspace] INFO  o.e.m.c.i.l.LifecycleMappingFactory - Using org.maven.ide.eclipse.wtp.WarLifecycleMapping lifecycle mapping for MavenProject: com.tj:ch09:1.0.0-BUILD-SNAPSHOT @ D:\mega_IT\source\9_Spring\ch09_controller\pom.xml.
2020-04-07 10:17:17,218 [Worker-20: Building workspace] WARN  o.e.m.c.i.embedder.EclipseLogger - Using platform encoding (MS949 actually) to copy filtered resources, i.e. build is platform dependent!
2020-04-07 10:17:17,219 [Worker-20: Building workspace] INFO  o.e.m.c.i.embedder.EclipseLogger - Copying 1 resource
2020-04-07 10:17:17,232 [Worker-20: Building workspace] WARN  o.e.m.c.i.embedder.EclipseLogger - Using platform encoding (MS949 actually) to copy filtered resources, i.e. build is platform dependent!
2020-04-07 10:17:17,232 [Worker-20: Building workspace] INFO  o.e.m.c.i.embedder.EclipseLogger - Copying 1 resource
2020-04-07 10:17:17,404 [Worker-20: Building workspace] INFO  o.e.m.c.i.l.LifecycleMappingFactory - Using org.maven.ide.eclipse.wtp.WarLifecycleMapping lifecycle mapping for MavenProject: com.tj:ch10:1.0.0-BUILD-SNAPSHOT @ D:\mega_IT\source\9_Spring\ch10_formdata\pom.xml.
2020-04-07 10:17:17,707 [Worker-20: Building workspace] WARN  o.e.m.c.i.embedder.EclipseLogger - Using platform encoding (MS949 actually) to copy filtered resources, i.e. build is platform dependent!
2020-04-07 10:17:17,708 [Worker-20: Building workspace] INFO  o.e.m.c.i.embedder.EclipseLogger - Copying 1 resource
2020-04-07 10:17:17,714 [Worker-20: Building workspace] WARN  o.e.m.c.i.embedder.EclipseLogger - Using platform encoding (MS949 actually) to copy filtered resources, i.e. build is platform dependent!
2020-04-07 10:17:17,715 [Worker-20: Building workspace] INFO  o.e.m.c.i.embedder.EclipseLogger - Copying 1 resource
2020-04-07 10:17:17,870 [Worker-20: Building workspace] INFO  o.e.m.c.i.l.LifecycleMappingFactory - Using org.maven.ide.eclipse.wtp.WarLifecycleMapping lifecycle mapping for MavenProject: com.tj:ch11hw:1.0.0-BUILD-SNAPSHOT @ D:\mega_IT\source\9_Spring\ch11_reqHomework\pom.xml.
2020-04-07 10:17:18,154 [Worker-20: Building workspace] WARN  o.e.m.c.i.embedder.EclipseLogger - Using platform encoding (MS949 actually) to copy filtered resources, i.e. build is platform dependent!
2020-04-07 10:17:18,155 [Worker-20: Building workspace] INFO  o.e.m.c.i.embedder.EclipseLogger - Copying 1 resource
2020-04-07 10:17:18,159 [Worker-20: Building workspace] WARN  o.e.m.c.i.embedder.EclipseLogger - Using platform encoding (MS949 actually) to copy filtered resources, i.e. build is platform dependent!
2020-04-07 10:17:18,160 [Worker-20: Building workspace] INFO  o.e.m.c.i.embedder.EclipseLogger - Copying 1 resource
2020-04-07 10:17:18,276 [Worker-20: Building workspace] INFO  o.e.m.c.i.l.LifecycleMappingFactory - Using org.maven.ide.eclipse.wtp.WarLifecycleMapping lifecycle mapping for MavenProject: com.tj:ch11:1.0.0-BUILD-SNAPSHOT @ D:\mega_IT\source\9_Spring\ch11_requestmapping\pom.xml.
2020-04-07 10:17:18,493 [Worker-20: Building workspace] WARN  o.e.m.c.i.embedder.EclipseLogger - Using platform encoding (MS949 actually) to copy filtered resources, i.e. build is platform dependent!
2020-04-07 10:17:18,493 [Worker-20: Building workspace] INFO  o.e.m.c.i.embedder.EclipseLogger - Copying 1 resource
2020-04-07 10:17:18,497 [Worker-20: Building workspace] WARN  o.e.m.c.i.embedder.EclipseLogger - Using platform encoding (MS949 actually) to copy filtered resources, i.e. build is platform dependent!
2020-04-07 10:17:18,498 [Worker-20: Building workspace] INFO  o.e.m.c.i.embedder.EclipseLogger - Copying 1 resource
2020-04-07 10:17:18,617 [Worker-20: Building workspace] INFO  o.e.m.c.i.l.LifecycleMappingFactory - Using org.maven.ide.eclipse.wtp.WarLifecycleMapping lifecycle mapping for MavenProject: com.tj:ch13:1.0.0-BUILD-SNAPSHOT @ D:\mega_IT\source\9_Spring\ch12_validator\pom.xml.
2020-04-07 10:17:19,027 [Worker-20: Building workspace] WARN  o.e.m.c.i.embedder.EclipseLogger - Using platform encoding (MS949 actually) to copy filtered resources, i.e. build is platform dependent!
2020-04-07 10:17:19,029 [Worker-20: Building workspace] INFO  o.e.m.c.i.embedder.EclipseLogger - Copying 1 resource
2020-04-07 10:17:19,042 [Worker-20: Building workspace] WARN  o.e.m.c.i.embedder.EclipseLogger - Using platform encoding (MS949 actually) to copy filtered resources, i.e. build is platform dependent!
2020-04-07 10:17:19,044 [Worker-20: Building workspace] INFO  o.e.m.c.i.embedder.EclipseLogger - Copying 1 resource
2020-04-07 10:17:19,325 [Worker-20: Building workspace] INFO  o.e.m.c.i.l.LifecycleMappingFactory - Using org.maven.ide.eclipse.wtp.WarLifecycleMapping lifecycle mapping for MavenProject: com.tj:ch13:1.0.0-BUILD-SNAPSHOT @ D:\mega_IT\source\9_Spring\ch13_mvcboard\pom.xml.
2020-04-07 10:17:19,554 [Worker-20: Building workspace] WARN  o.e.m.c.i.embedder.EclipseLogger - Using platform encoding (MS949 actually) to copy filtered resources, i.e. build is platform dependent!
2020-04-07 10:17:19,555 [Worker-20: Building workspace] INFO  o.e.m.c.i.embedder.EclipseLogger - Copying 2 resources
2020-04-07 10:17:19,570 [Worker-20: Building workspace] WARN  o.e.m.c.i.embedder.EclipseLogger - Using platform encoding (MS949 actually) to copy filtered resources, i.e. build is platform dependent!
2020-04-07 10:17:19,570 [Worker-20: Building workspace] INFO  o.e.m.c.i.embedder.EclipseLogger - Copying 1 resource
2020-04-07 10:17:19,847 [Worker-20: Building workspace] INFO  o.e.m.c.i.l.LifecycleMappingFactory - Using org.maven.ide.eclipse.wtp.WarLifecycleMapping lifecycle mapping for MavenProject: com.tj:ch13:1.0.0-BUILD-SNAPSHOT @ D:\mega_IT\source\9_Spring\ch14_jdbc\pom.xml.
2020-04-07 10:17:19,999 [Worker-20: Building workspace] WARN  o.e.m.c.i.embedder.EclipseLogger - Using platform encoding (MS949 actually) to copy filtered resources, i.e. build is platform dependent!
2020-04-07 10:17:20,000 [Worker-20: Building workspace] INFO  o.e.m.c.i.embedder.EclipseLogger - Copying 3 resources
2020-04-07 10:17:20,017 [Worker-20: Building workspace] WARN  o.e.m.c.i.embedder.EclipseLogger - Using platform encoding (MS949 actually) to copy filtered resources, i.e. build is platform dependent!
2020-04-07 10:17:20,017 [Worker-20: Building workspace] INFO  o.e.m.c.i.embedder.EclipseLogger - Copying 1 resource
2020-04-07 10:17:20,115 [Worker-20: Building workspace] INFO  o.e.m.c.i.l.LifecycleMappingFactory - Using org.maven.ide.eclipse.wtp.WarLifecycleMapping lifecycle mapping for MavenProject: com.tj:ch15:1.0.0-BUILD-SNAPSHOT @ D:\mega_IT\source\9_Spring\ch15_fileup\pom.xml.
2020-04-07 10:17:20,308 [Worker-20: Building workspace] WARN  o.e.m.c.i.embedder.EclipseLogger - Using platform encoding (MS949 actually) to copy filtered resources, i.e. build is platform dependent!
2020-04-07 10:17:20,308 [Worker-20: Building workspace] INFO  o.e.m.c.i.embedder.EclipseLogger - Copying 1 resource
2020-04-07 10:17:20,313 [Worker-20: Building workspace] WARN  o.e.m.c.i.embedder.EclipseLogger - Using platform encoding (MS949 actually) to copy filtered resources, i.e. build is platform dependent!
2020-04-07 10:17:20,313 [Worker-20: Building workspace] INFO  o.e.m.c.i.embedder.EclipseLogger - Copying 1 resource
2020-04-07 10:17:20,418 [Worker-20: Building workspace] INFO  o.e.m.c.i.l.LifecycleMappingFactory - Using org.maven.ide.eclipse.wtp.WarLifecycleMapping lifecycle mapping for MavenProject: com.tj:ch16:1.0.0-BUILD-SNAPSHOT @ D:\mega_IT\source\9_Spring\ch16_mailSender\pom.xml.
2020-04-07 10:17:20,638 [Worker-20: Building workspace] WARN  o.e.m.c.i.embedder.EclipseLogger - Using platform encoding (MS949 actually) to copy filtered resources, i.e. build is platform dependent!
2020-04-07 10:17:20,638 [Worker-20: Building workspace] INFO  o.e.m.c.i.embedder.EclipseLogger - Copying 1 resource
2020-04-07 10:17:20,645 [Worker-20: Building workspace] WARN  o.e.m.c.i.embedder.EclipseLogger - Using platform encoding (MS949 actually) to copy filtered resources, i.e. build is platform dependent!
2020-04-07 10:17:20,645 [Worker-20: Building workspace] INFO  o.e.m.c.i.embedder.EclipseLogger - Copying 1 resource
2020-04-07 10:17:20,865 [Worker-20: Building workspace] INFO  o.e.m.c.i.l.LifecycleMappingFactory - Using org.maven.ide.eclipse.wtp.WarLifecycleMapping lifecycle mapping for MavenProject: com.tj:ch17_1:1.0.0-BUILD-SNAPSHOT @ D:\mega_IT\source\9_Spring\ch17_mybatis1\pom.xml.
2020-04-07 10:17:21,144 [Worker-20: Building workspace] WARN  o.e.m.c.i.embedder.EclipseLogger - Using platform encoding (MS949 actually) to copy filtered resources, i.e. build is platform dependent!
2020-04-07 10:17:21,144 [Worker-20: Building workspace] INFO  o.e.m.c.i.embedder.EclipseLogger - Copying 6 resources
2020-04-07 10:17:21,159 [Worker-20: Building workspace] WARN  o.e.m.c.i.embedder.EclipseLogger - Using platform encoding (MS949 actually) to copy filtered resources, i.e. build is platform dependent!
2020-04-07 10:17:21,160 [Worker-20: Building workspace] INFO  o.e.m.c.i.embedder.EclipseLogger - Copying 1 resource
2020-04-07 10:17:21,389 [Worker-20: Building workspace] INFO  o.e.m.c.i.l.LifecycleMappingFactory - Using org.maven.ide.eclipse.wtp.WarLifecycleMapping lifecycle mapping for MavenProject: com.tj:ch17_2:1.0.0-BUILD-SNAPSHOT @ D:\mega_IT\source\9_Spring\ch17_mybatis2\pom.xml.
2020-04-07 10:17:21,627 [Worker-20: Building workspace] WARN  o.e.m.c.i.embedder.EclipseLogger - Using platform encoding (MS949 actually) to copy filtered resources, i.e. build is platform dependent!
2020-04-07 10:17:21,628 [Worker-20: Building workspace] INFO  o.e.m.c.i.embedder.EclipseLogger - Copying 9 resources
2020-04-07 10:17:21,684 [Worker-20: Building workspace] WARN  o.e.m.c.i.embedder.EclipseLogger - Using platform encoding (MS949 actually) to copy filtered resources, i.e. build is platform dependent!
2020-04-07 10:17:21,684 [Worker-20: Building workspace] INFO  o.e.m.c.i.embedder.EclipseLogger - Copying 1 resource
2020-04-07 10:17:21,838 [Worker-20: Building workspace] INFO  o.e.m.c.i.l.LifecycleMappingFactory - Using org.maven.ide.eclipse.wtp.WarLifecycleMapping lifecycle mapping for MavenProject: com.tj:ch18:1.0.0-BUILD-SNAPSHOT @ D:\mega_IT\source\9_Spring\ch18\pom.xml.
2020-04-07 10:17:22,161 [Worker-20: Building workspace] WARN  o.e.m.c.i.embedder.EclipseLogger - Using platform encoding (MS949 actually) to copy filtered resources, i.e. build is platform dependent!
2020-04-07 10:17:22,162 [Worker-20: Building workspace] INFO  o.e.m.c.i.embedder.EclipseLogger - Copying 9 resources
2020-04-07 10:17:22,176 [Worker-20: Building workspace] WARN  o.e.m.c.i.embedder.EclipseLogger - Using platform encoding (MS949 actually) to copy filtered resources, i.e. build is platform dependent!
2020-04-07 10:17:22,177 [Worker-20: Building workspace] INFO  o.e.m.c.i.embedder.EclipseLogger - Copying 1 resource
2020-04-07 10:18:44,962 [Worker-24: Building workspace] WARN  o.e.m.c.i.embedder.EclipseLogger - Using platform encoding (MS949 actually) to copy filtered resources, i.e. build is platform dependent!
2020-04-07 10:18:44,964 [Worker-24: Building workspace] INFO  o.e.m.c.i.embedder.EclipseLogger - Copying 1 resource
2020-04-07 10:18:44,967 [Worker-24: Building workspace] WARN  o.e.m.c.i.embedder.EclipseLogger - Using platform encoding (MS949 actually) to copy filtered resources, i.e. build is platform dependent!
2020-04-07 10:18:44,968 [Worker-24: Building workspace] INFO  o.e.m.c.i.embedder.EclipseLogger - Copying 1 resource
2020-04-07 10:18:45,209 [Worker-24: Building workspace] WARN  o.e.m.c.i.embedder.EclipseLogger - Using platform encoding (MS949 actually) to copy filtered resources, i.e. build is platform dependent!
2020-04-07 10:18:45,210 [Worker-24: Building workspace] INFO  o.e.m.c.i.embedder.EclipseLogger - Copying 1 resource
2020-04-07 10:18:45,213 [Worker-24: Building workspace] WARN  o.e.m.c.i.embedder.EclipseLogger - Using platform encoding (MS949 actually) to copy filtered resources, i.e. build is platform dependent!
2020-04-07 10:18:45,214 [Worker-24: Building workspace] INFO  o.e.m.c.i.embedder.EclipseLogger - Copying 1 resource
2020-04-07 10:18:45,433 [Worker-24: Building workspace] WARN  o.e.m.c.i.embedder.EclipseLogger - Using platform encoding (MS949 actually) to copy filtered resources, i.e. build is platform dependent!
2020-04-07 10:18:45,434 [Worker-24: Building workspace] INFO  o.e.m.c.i.embedder.EclipseLogger - Copying 1 resource
2020-04-07 10:18:45,436 [Worker-24: Building workspace] WARN  o.e.m.c.i.embedder.EclipseLogger - Using platform encoding (MS949 actually) to copy filtered resources, i.e. build is platform dependent!
2020-04-07 10:18:45,437 [Worker-24: Building workspace] INFO  o.e.m.c.i.embedder.EclipseLogger - Copying 1 resource
2020-04-07 10:18:45,667 [Worker-24: Building workspace] WARN  o.e.m.c.i.embedder.EclipseLogger - Using platform encoding (MS949 actually) to copy filtered resources, i.e. build is platform dependent!
2020-04-07 10:18:45,668 [Worker-24: Building workspace] INFO  o.e.m.c.i.embedder.EclipseLogger - Copying 1 resource
2020-04-07 10:18:45,672 [Worker-24: Building workspace] WARN  o.e.m.c.i.embedder.EclipseLogger - Using platform encoding (MS949 actually) to copy filtered resources, i.e. build is platform dependent!
2020-04-07 10:18:45,673 [Worker-24: Building workspace] INFO  o.e.m.c.i.embedder.EclipseLogger - Copying 1 resource
2020-04-07 10:18:45,946 [Worker-24: Building workspace] WARN  o.e.m.c.i.embedder.EclipseLogger - Using platform encoding (MS949 actually) to copy filtered resources, i.e. build is platform dependent!
2020-04-07 10:18:45,947 [Worker-24: Building workspace] INFO  o.e.m.c.i.embedder.EclipseLogger - Copying 1 resource
2020-04-07 10:18:45,950 [Worker-24: Building workspace] WARN  o.e.m.c.i.embedder.EclipseLogger - Using platform encoding (MS949 actually) to copy filtered resources, i.e. build is platform dependent!
2020-04-07 10:18:45,951 [Worker-24: Building workspace] INFO  o.e.m.c.i.embedder.EclipseLogger - Copying 1 resource
2020-04-07 10:18:46,273 [Worker-24: Building workspace] WARN  o.e.m.c.i.embedder.EclipseLogger - Using platform encoding (MS949 actually) to copy filtered resources, i.e. build is platform dependent!
2020-04-07 10:18:46,274 [Worker-24: Building workspace] INFO  o.e.m.c.i.embedder.EclipseLogger - Copying 2 resources
2020-04-07 10:18:46,278 [Worker-24: Building workspace] WARN  o.e.m.c.i.embedder.EclipseLogger - Using platform encoding (MS949 actually) to copy filtered resources, i.e. build is platform dependent!
2020-04-07 10:18:46,279 [Worker-24: Building workspace] INFO  o.e.m.c.i.embedder.EclipseLogger - Copying 1 resource
2020-04-07 10:18:46,688 [Worker-24: Building workspace] WARN  o.e.m.c.i.embedder.EclipseLogger - Using platform encoding (MS949 actually) to copy filtered resources, i.e. build is platform dependent!
2020-04-07 10:18:46,689 [Worker-24: Building workspace] INFO  o.e.m.c.i.embedder.EclipseLogger - Copying 3 resources
2020-04-07 10:18:46,695 [Worker-24: Building workspace] WARN  o.e.m.c.i.embedder.EclipseLogger - Using platform encoding (MS949 actually) to copy filtered resources, i.e. build is platform dependent!
2020-04-07 10:18:46,696 [Worker-24: Building workspace] INFO  o.e.m.c.i.embedder.EclipseLogger - Copying 1 resource
2020-04-07 10:18:47,015 [Worker-24: Building workspace] WARN  o.e.m.c.i.embedder.EclipseLogger - Using platform encoding (MS949 actually) to copy filtered resources, i.e. build is platform dependent!
2020-04-07 10:18:47,015 [Worker-24: Building workspace] INFO  o.e.m.c.i.embedder.EclipseLogger - Copying 1 resource
2020-04-07 10:18:47,017 [Worker-24: Building workspace] WARN  o.e.m.c.i.embedder.EclipseLogger - Using platform encoding (MS949 actually) to copy filtered resources, i.e. build is platform dependent!
2020-04-07 10:18:47,018 [Worker-24: Building workspace] INFO  o.e.m.c.i.embedder.EclipseLogger - Copying 1 resource
2020-04-07 10:18:47,270 [Worker-24: Building workspace] WARN  o.e.m.c.i.embedder.EclipseLogger - Using platform encoding (MS949 actually) to copy filtered resources, i.e. build is platform dependent!
2020-04-07 10:18:47,271 [Worker-24: Building workspace] INFO  o.e.m.c.i.embedder.EclipseLogger - Copying 1 resource
2020-04-07 10:18:47,273 [Worker-24: Building workspace] WARN  o.e.m.c.i.embedder.EclipseLogger - Using platform encoding (MS949 actually) to copy filtered resources, i.e. build is platform dependent!
2020-04-07 10:18:47,274 [Worker-24: Building workspace] INFO  o.e.m.c.i.embedder.EclipseLogger - Copying 1 resource
2020-04-07 10:18:47,604 [Worker-24: Building workspace] WARN  o.e.m.c.i.embedder.EclipseLogger - Using platform encoding (MS949 actually) to copy filtered resources, i.e. build is platform dependent!
2020-04-07 10:18:47,606 [Worker-24: Building workspace] INFO  o.e.m.c.i.embedder.EclipseLogger - Copying 6 resources
2020-04-07 10:18:47,618 [Worker-24: Building workspace] WARN  o.e.m.c.i.embedder.EclipseLogger - Using platform encoding (MS949 actually) to copy filtered resources, i.e. build is platform dependent!
2020-04-07 10:18:47,618 [Worker-24: Building workspace] INFO  o.e.m.c.i.embedder.EclipseLogger - Copying 1 resource
2020-04-07 10:18:47,945 [Worker-24: Building workspace] WARN  o.e.m.c.i.embedder.EclipseLogger - Using platform encoding (MS949 actually) to copy filtered resources, i.e. build is platform dependent!
2020-04-07 10:18:47,947 [Worker-24: Building workspace] INFO  o.e.m.c.i.embedder.EclipseLogger - Copying 9 resources
2020-04-07 10:18:47,962 [Worker-24: Building workspace] WARN  o.e.m.c.i.embedder.EclipseLogger - Using platform encoding (MS949 actually) to copy filtered resources, i.e. build is platform dependent!
2020-04-07 10:18:47,962 [Worker-24: Building workspace] INFO  o.e.m.c.i.embedder.EclipseLogger - Copying 1 resource
2020-04-07 10:18:48,405 [Worker-24: Building workspace] WARN  o.e.m.c.i.embedder.EclipseLogger - Using platform encoding (MS949 actually) to copy filtered resources, i.e. build is platform dependent!
2020-04-07 10:18:48,408 [Worker-24: Building workspace] INFO  o.e.m.c.i.embedder.EclipseLogger - Copying 9 resources
2020-04-07 10:18:48,425 [Worker-24: Building workspace] WARN  o.e.m.c.i.embedder.EclipseLogger - Using platform encoding (MS949 actually) to copy filtered resources, i.e. build is platform dependent!
2020-04-07 10:18:48,426 [Worker-24: Building workspace] INFO  o.e.m.c.i.embedder.EclipseLogger - Copying 1 resource
